# JRE version: OpenJDK Runtime Environment Microsoft-10823458 (11.0.26+4) (build 11.0.26+4-LTS)
# Java VM: OpenJDK 64-Bit Server VM Microsoft-10823458 (11.0.26+4-LTS, mixed mode, sharing, tiered, compressed oops, g1 gc, windows-amd64)
Heap:
 garbage-first heap   total 1110016K, used 97633K [0x0000000080000000, 0x0000000100000000)
  region size 1024K, 15 young (15360K), 15 survivors (15360K)
 Metaspace       used 53893K, capacity 55386K, committed 55552K, reserved 1097728K
  class space    used 6653K, capacity 7133K, committed 7168K, reserved 1048576K
GC Heap History (20 events):
Event: 431.896 GC heap after
{Heap after GC invocations=78 (full 0):
 garbage-first heap   total 138240K, used 74941K [0x0000000080000000, 0x0000000100000000)
  region size 1024K, 3 young (3072K), 3 survivors (3072K)
 Metaspace       used 53843K, capacity 55384K, committed 55552K, reserved 1097728K
  class space    used 6652K, capacity 7133K, committed 7168K, reserved 1048576K
}
Event: 431.970 GC heap before
{Heap before GC invocations=78 (full 0):
 garbage-first heap   total 138240K, used 113853K [0x0000000080000000, 0x0000000100000000)
  region size 1024K, 43 young (44032K), 3 survivors (3072K)
 Metaspace       used 53844K, capacity 55384K, committed 55552K, reserved 1097728K
  class space    used 6652K, capacity 7133K, committed 7168K, reserved 1048576K
}
Event: 431.974 GC heap after
{Heap after GC invocations=79 (full 0):
 garbage-first heap   total 138240K, used 76725K [0x0000000080000000, 0x0000000100000000)
  region size 1024K, 5 young (5120K), 5 survivors (5120K)
 Metaspace       used 53844K, capacity 55384K, committed 55552K, reserved 1097728K
  class space    used 6652K, capacity 7133K, committed 7168K, reserved 1048576K
}
Event: 432.076 GC heap before
{Heap before GC invocations=80 (full 0):
 garbage-first heap   total 138240K, used 113589K [0x0000000080000000, 0x0000000100000000)
  region size 1024K, 42 young (43008K), 5 survivors (5120K)
 Metaspace       used 53845K, capacity 55384K, committed 55552K, reserved 1097728K
  class space    used 6652K, capacity 7133K, committed 7168K, reserved 1048576K
}
Event: 432.089 GC heap after
{Heap after GC invocations=81 (full 0):
 garbage-first heap   total 206848K, used 76791K [0x0000000080000000, 0x0000000100000000)
  region size 1024K, 4 young (4096K), 4 survivors (4096K)
 Metaspace       used 53845K, capacity 55384K, committed 55552K, reserved 1097728K
  class space    used 6652K, capacity 7133K, committed 7168K, reserved 1048576K
}
Event: 432.301 GC heap before
{Heap before GC invocations=81 (full 0):
 garbage-first heap   total 206848K, used 169975K [0x0000000080000000, 0x0000000100000000)
  region size 1024K, 97 young (99328K), 4 survivors (4096K)
 Metaspace       used 53848K, capacity 55384K, committed 55552K, reserved 1097728K
  class space    used 6652K, capacity 7133K, committed 7168K, reserved 1048576K
}
Event: 432.315 GC heap after
{Heap after GC invocations=82 (full 0):
 garbage-first heap   total 206848K, used 81788K [0x0000000080000000, 0x0000000100000000)
  region size 1024K, 9 young (9216K), 9 survivors (9216K)
 Metaspace       used 53848K, capacity 55384K, committed 55552K, reserved 1097728K
  class space    used 6652K, capacity 7133K, committed 7168K, reserved 1048576K
}
Event: 432.467 GC heap before
{Heap before GC invocations=82 (full 0):
 garbage-first heap   total 206848K, used 160636K [0x0000000080000000, 0x0000000100000000)
  region size 1024K, 88 young (90112K), 9 survivors (9216K)
 Metaspace       used 53849K, capacity 55384K, committed 55552K, reserved 1097728K
  class space    used 6652K, capacity 7133K, committed 7168K, reserved 1048576K
}
Event: 432.476 GC heap after
{Heap after GC invocations=83 (full 0):
 garbage-first heap   total 206848K, used 81256K [0x0000000080000000, 0x0000000100000000)
  region size 1024K, 7 young (7168K), 7 survivors (7168K)
 Metaspace       used 53849K, capacity 55384K, committed 55552K, reserved 1097728K
  class space    used 6652K, capacity 7133K, committed 7168K, reserved 1048576K
}
Event: 432.648 GC heap before
{Heap before GC invocations=83 (full 0):
 garbage-first heap   total 206848K, used 163176K [0x0000000080000000, 0x0000000100000000)
  region size 1024K, 88 young (90112K), 7 survivors (7168K)
 Metaspace       used 53863K, capacity 55384K, committed 55552K, reserved 1097728K
  class space    used 6653K, capacity 7133K, committed 7168K, reserved 1048576K
}
Event: 432.673 GC heap after
{Heap after GC invocations=84 (full 0):
 garbage-first heap   total 206848K, used 82619K [0x0000000080000000, 0x0000000100000000)
  region size 1024K, 8 young (8192K), 8 survivors (8192K)
 Metaspace       used 53863K, capacity 55384K, committed 55552K, reserved 1097728K
  class space    used 6653K, capacity 7133K, committed 7168K, reserved 1048576K
}
Event: 432.855 GC heap before
{Heap before GC invocations=84 (full 0):
 garbage-first heap   total 206848K, used 163515K [0x0000000080000000, 0x0000000100000000)
  region size 1024K, 88 young (90112K), 8 survivors (8192K)
 Metaspace       used 53873K, capacity 55384K, committed 55552K, reserved 1097728K
  class space    used 6653K, capacity 7133K, committed 7168K, reserved 1048576K
}
Event: 432.880 GC heap after
{Heap after GC invocations=85 (full 0):
 garbage-first heap   total 450560K, used 82807K [0x0000000080000000, 0x0000000100000000)
  region size 1024K, 8 young (8192K), 8 survivors (8192K)
 Metaspace       used 53873K, capacity 55384K, committed 55552K, reserved 1097728K
  class space    used 6653K, capacity 7133K, committed 7168K, reserved 1048576K
}
Event: 433.743 GC heap before
{Heap before GC invocations=85 (full 0):
 garbage-first heap   total 450560K, used 348023K [0x0000000080000000, 0x0000000100000000)
  region size 1024K, 266 young (272384K), 8 survivors (8192K)
 Metaspace       used 53890K, capacity 55386K, committed 55552K, reserved 1097728K
  class space    used 6653K, capacity 7133K, committed 7168K, reserved 1048576K
}
Event: 433.757 GC heap after
{Heap after GC invocations=86 (full 0):
 garbage-first heap   total 450560K, used 98011K [0x0000000080000000, 0x0000000100000000)
  region size 1024K, 20 young (20480K), 20 survivors (20480K)
 Metaspace       used 53890K, capacity 55386K, committed 55552K, reserved 1097728K
  class space    used 6653K, capacity 7133K, committed 7168K, reserved 1048576K
}
Event: 434.681 GC heap before
{Heap before GC invocations=86 (full 0):
 garbage-first heap   total 450560K, used 341723K [0x0000000080000000, 0x0000000100000000)
  region size 1024K, 257 young (263168K), 20 survivors (20480K)
 Metaspace       used 53891K, capacity 55386K, committed 55552K, reserved 1097728K
  class space    used 6653K, capacity 7133K, committed 7168K, reserved 1048576K
}
Event: 435.074 GC heap after
{Heap after GC invocations=87 (full 0):
 garbage-first heap   total 450560K, used 103259K [0x0000000080000000, 0x0000000100000000)
  region size 1024K, 21 young (21504K), 21 survivors (21504K)
 Metaspace       used 53891K, capacity 55386K, committed 55552K, reserved 1097728K
  class space    used 6653K, capacity 7133K, committed 7168K, reserved 1048576K
}
Event: 435.742 GC heap before
{Heap before GC invocations=87 (full 0):
 garbage-first heap   total 450560K, used 343899K [0x0000000080000000, 0x0000000100000000)
  region size 1024K, 257 young (263168K), 21 survivors (21504K)
 Metaspace       used 53893K, capacity 55386K, committed 55552K, reserved 1097728K
  class space    used 6653K, capacity 7133K, committed 7168K, reserved 1048576K
}
Event: 435.789 GC heap after
{Heap after GC invocations=88 (full 0):
 garbage-first heap   total 450560K, used 98760K [0x0000000080000000, 0x0000000100000000)
  region size 1024K, 16 young (16384K), 16 survivors (16384K)
 Metaspace       used 53893K, capacity 55386K, committed 55552K, reserved 1097728K
  class space    used 6653K, capacity 7133K, committed 7168K, reserved 1048576K
}
Event: 436.587 GC heap before
{Heap before GC invocations=88 (full 0):
 garbage-first heap   total 450560K, used 350664K [0x0000000080000000, 0x0000000100000000)
  region size 1024K, 264 young (270336K), 16 survivors (16384K)
 Metaspace       used 53893K, capacity 55386K, committed 55552K, reserved 1097728K
  class space    used 6653K, capacity 7133K, committed 7168K, reserved 1048576K
}

